socialapp/build/outputs/apk/manifest-merger-debug-report.txt
-- Merging decision tree log ---
manifest
ADDED from AndroidManifest.xml:2:1
	package
		ADDED from AndroidManifest.xml:3:5
	android:versionName
		ADDED from AndroidManifest.xml:5:5
		INJECTED from AndroidManifest.xml:0:0
		INJECTED from AndroidManifest.xml:0:0
	android:versionCode
		ADDED from AndroidManifest.xml:4:5
		INJECTED from AndroidManifest.xml:0:0
		INJECTED from AndroidManifest.xml:0:0
	xmlns:android
		ADDED from AndroidManifest.xml:2:11
uses-permission#android.permission.MODIFY_AUDIO_SETTINGS
ADDED from AndroidManifest.xml:7:5
	android:name
		ADDED from AndroidManifest.xml:7:22
uses-permission#android.permission.RECORD_AUDIO
ADDED from AndroidManifest.xml:8:5
	android:name
		ADDED from AndroidManifest.xml:8:22
uses-permission#android.permission.WRITE_EXTERNAL_STORAGE
ADDED from AndroidManifest.xml:9:5
	android:name
		ADDED from AndroidManifest.xml:9:22
uses-permission#android.permission.CAMERA
ADDED from AndroidManifest.xml:10:5
	android:name
		ADDED from AndroidManifest.xml:10:22
uses-permission#android.permission.ACCESS_WIFI_STATE
ADDED from AndroidManifest.xml:11:5
	android:name
		ADDED from AndroidManifest.xml:11:22
uses-permission#android.permission.READ_CONTACTS
ADDED from AndroidManifest.xml:12:5
	android:name
		ADDED from AndroidManifest.xml:12:22
uses-permission#android.permission.WRITE_CONTACTS
ADDED from AndroidManifest.xml:13:5
	android:name
		ADDED from AndroidManifest.xml:13:22
uses-permission#android.permission.FLASHLIGHT
ADDED from AndroidManifest.xml:14:5
	android:name
		ADDED from AndroidManifest.xml:14:22
uses-permission#android.permission.READ_EXTERNAL_STORAGE
ADDED from AndroidManifest.xml:15:5
	android:name
		ADDED from AndroidManifest.xml:15:22
uses-permission#android.provider.MediaStore.Images.Media.EXTERNAL_CONTENT_URI
ADDED from AndroidManifest.xml:17:5
	android:name
		ADDED from AndroidManifest.xml:17:22
uses-permission#android.permission.MANAGE_DOCUMENTS
ADDED from AndroidManifest.xml:19:5
	android:name
		ADDED from AndroidManifest.xml:19:22
uses-feature#android.hardware.camera
ADDED from AndroidManifest.xml:22:5
	android:required
		ADDED from AndroidManifest.xml:24:9
	android:name
		ADDED from AndroidManifest.xml:23:9
uses-feature#android.hardware.camera.autofocus
ADDED from AndroidManifest.xml:25:5
	android:required
		ADDED from AndroidManifest.xml:27:9
	android:name
		ADDED from AndroidManifest.xml:26:9
uses-feature#android.hardware.camera.flash
ADDED from AndroidManifest.xml:28:5
	android:required
		ADDED from AndroidManifest.xml:30:9
	android:name
		ADDED from AndroidManifest.xml:29:9
uses-feature#0x00020000
ADDED from AndroidManifest.xml:33:5
	android:glEsVersion
		ADDED from AndroidManifest.xml:34:9
	android:required
		ADDED from AndroidManifest.xml:35:9
uses-permission#com.google.android.providers.gsf.permission.READ_GSERVICES
ADDED from AndroidManifest.xml:37:5
	android:name
		ADDED from AndroidManifest.xml:37:22
uses-permission#android.permission.ACCESS_COARSE_LOCATION
ADDED from AndroidManifest.xml:39:5
	android:name
		ADDED from AndroidManifest.xml:39:22
uses-permission#android.permission.READ_PHONE_STATE
ADDED from AndroidManifest.xml:42:5
	android:name
		ADDED from AndroidManifest.xml:42:22
uses-permission#android.permission.INTERNET
ADDED from AndroidManifest.xml:45:5
MERGED from Mypinkpal_Android:urlImageViewHelper:unspecified:11:5
	android:name
		ADDED from AndroidManifest.xml:45:22
uses-permission#android.permission.ACCESS_FINE_LOCATION
ADDED from AndroidManifest.xml:47:5
	android:name
		ADDED from AndroidManifest.xml:47:22
uses-permission#android.permission.GET_ACCOUNTS
ADDED from AndroidManifest.xml:50:5
	android:name
		ADDED from AndroidManifest.xml:50:22
uses-permission#android.permission.WAKE_LOCK
ADDED from AndroidManifest.xml:53:5
	android:name
		ADDED from AndroidManifest.xml:53:22
uses-permission#com.quickblox.qmunicate.permission.C2D_MESSAGE
ADDED from AndroidManifest.xml:56:5
	android:name
		ADDED from AndroidManifest.xml:56:22
uses-permission#com.mypinkpal.app.permission.C2D_MESSAGE
ADDED from AndroidManifest.xml:58:5
	android:name
		ADDED from AndroidManifest.xml:58:22
permission#com.mypinkpal.app.permission.MAPS_RECEIVE
ADDED from AndroidManifest.xml:60:5
	android:protectionLevel
		ADDED from AndroidManifest.xml:62:9
	android:name
		ADDED from AndroidManifest.xml:61:9
permission#com.mypinkpal.app.permission.C2D_MESSAGE
ADDED from AndroidManifest.xml:64:5
	android:protectionLevel
		ADDED from AndroidManifest.xml:66:9
	android:name
		ADDED from AndroidManifest.xml:65:9
uses-permission#com.mypinkpal.app.permission.MAPS_RECEIVE
ADDED from AndroidManifest.xml:68:5
	android:name
		ADDED from AndroidManifest.xml:68:22
uses-permission#com.google.android.c2dm.permission.RECEIVE
ADDED from AndroidManifest.xml:71:5
	android:name
		ADDED from AndroidManifest.xml:71:22
uses-permission#android.permission.ACCESS_NETWORK_STATE
ADDED from AndroidManifest.xml:74:5
	android:name
		ADDED from AndroidManifest.xml:74:22
uses-permission#android.permission.VIBRATE
ADDED from AndroidManifest.xml:77:5
	android:name
		ADDED from AndroidManifest.xml:77:22
uses-permission#android.permission.GET_TASKS
ADDED from AndroidManifest.xml:78:5
	android:name
		ADDED from AndroidManifest.xml:78:22
action#android.net.conn.CONNECTIVITY_CHANGE
ADDED from AndroidManifest.xml:80:5
	android:name
		ADDED from AndroidManifest.xml:80:13
application
ADDED from AndroidManifest.xml:82:5
MERGED from com.android.support:support-v4:20.0.0:17:5
MERGED from com.android.support:support-v4:20.0.0:17:5
MERGED from Mypinkpal_Android:facebook:unspecified:24:5
MERGED from com.android.support:support-v4:20.0.0:17:5
MERGED from Mypinkpal_Android:library:unspecified:11:5
MERGED from Mypinkpal_Android:pullToRefreshLi:unspecified:11:5
MERGED from Mypinkpal_Android.libraries.SlidingMenu:library:unspecified:11:5
MERGED from com.actionbarsherlock:actionbarsherlock:4.4.0:4:3
MERGED from com.android.support:support-v4:20.0.0:17:5
MERGED from Mypinkpal_Android:Q-municate_core:unspecified:9:5
MERGED from Mypinkpal_Android:facebook:unspecified:24:5
MERGED from com.android.support:support-v4:20.0.0:17:5
MERGED from com.android.support:support-v4:20.0.0:17:5
	android:label
		ADDED from AndroidManifest.xml:87:9
	android:hardwareAccelerated
		ADDED from AndroidManifest.xml:85:9
	android:allowBackup
		ADDED from AndroidManifest.xml:84:9
	android:icon
		ADDED from AndroidManifest.xml:86:9
	android:theme
		ADDED from AndroidManifest.xml:88:9
	android:name
		ADDED from AndroidManifest.xml:83:9
activity#com.brodev.socialapp.view.SplashActivity
ADDED from AndroidManifest.xml:90:9
	android:configChanges
		ADDED from AndroidManifest.xml:92:13
	android:theme
		ADDED from AndroidManifest.xml:93:13
	android:name
		ADDED from AndroidManifest.xml:91:13
activity#com.brodev.socialapp.view.LoginActivity
ADDED from AndroidManifest.xml:94:9
	android:windowSoftInputMode
		ADDED from AndroidManifest.xml:98:13
	android:configChanges
		ADDED from AndroidManifest.xml:96:13
	android:theme
		ADDED from AndroidManifest.xml:97:13
	android:name
		ADDED from AndroidManifest.xml:95:13
activity#com.brodev.socialapp.view.SignUpActivity
ADDED from AndroidManifest.xml:99:9
	android:configChanges
		ADDED from AndroidManifest.xml:101:13
	android:name
		ADDED from AndroidManifest.xml:100:13
activity#com.brodev.socialapp.view.ForgotPassActivity
ADDED from AndroidManifest.xml:102:9
	android:configChanges
		ADDED from AndroidManifest.xml:104:13
	android:name
		ADDED from AndroidManifest.xml:103:13
activity#com.brodev.socialapp.view.VerifyEmailActivity
ADDED from AndroidManifest.xml:105:9
	android:configChanges
		ADDED from AndroidManifest.xml:107:13
	android:name
		ADDED from AndroidManifest.xml:106:13
activity#com.facebook.LoginActivity
ADDED from AndroidManifest.xml:108:9
	android:label
		ADDED from AndroidManifest.xml:110:13
	android:theme
		ADDED from AndroidManifest.xml:111:13
	android:name
		ADDED from AndroidManifest.xml:109:13
meta-data#com.facebook.sdk.ApplicationId
ADDED from AndroidManifest.xml:113:9
	android:value
		ADDED from AndroidManifest.xml:115:13
	android:name
		ADDED from AndroidManifest.xml:114:13
activity#com.google.ads.AdActivity
ADDED from AndroidManifest.xml:117:9
	android:configChanges
		ADDED from AndroidManifest.xml:119:13
	android:name
		ADDED from AndroidManifest.xml:118:13
activity#com.brodev.socialapp.view.DashboardActivity
ADDED from AndroidManifest.xml:120:9
	android:screenOrientation
		ADDED from AndroidManifest.xml:123:13
	android:configChanges
		ADDED from AndroidManifest.xml:122:13
	android:theme
		ADDED from AndroidManifest.xml:124:13
	android:name
		ADDED from AndroidManifest.xml:121:13
receiver#com.mypinkpal.app.GcmBroadcastReceiver
ADDED from AndroidManifest.xml:126:9
	android:permission
		ADDED from AndroidManifest.xml:128:13
	android:name
		ADDED from AndroidManifest.xml:127:13
intent-filter#com.google.android.c2dm.intent.RECEIVE+com.google.android.c2dm.intent.REGISTRATION+com.mypinkpal.app
ADDED from AndroidManifest.xml:129:13
action#com.google.android.c2dm.intent.RECEIVE
ADDED from AndroidManifest.xml:132:17
	android:name
		ADDED from AndroidManifest.xml:132:25
action#com.google.android.c2dm.intent.REGISTRATION
ADDED from AndroidManifest.xml:134:17
	android:name
		ADDED from AndroidManifest.xml:134:25
category#com.mypinkpal.app
ADDED from AndroidManifest.xml:136:17
	android:name
		ADDED from AndroidManifest.xml:136:27
service#com.mypinkpal.app.GCMIntentService
ADDED from AndroidManifest.xml:140:9
	android:name
		ADDED from AndroidManifest.xml:140:18
service#com.quickblox.q_municate_core.service.QBService
ADDED from AndroidManifest.xml:141:9
	android:icon
		ADDED from AndroidManifest.xml:143:13
	android:name
		ADDED from AndroidManifest.xml:142:13
service#com.paypal.android.sdk.payments.PayPalService
ADDED from AndroidManifest.xml:144:9
	android:exported
		ADDED from AndroidManifest.xml:145:13
	android:name
		ADDED from AndroidManifest.xml:144:18
provider#com.quickblox.q_municate_core.db.DatabaseProvider
ADDED from AndroidManifest.xml:147:9
	android:authorities
		ADDED from AndroidManifest.xml:149:13
	android:exported
		ADDED from AndroidManifest.xml:150:13
	android:name
		ADDED from AndroidManifest.xml:148:13
activity#com.brodev.socialapp.view.BaseActivity
ADDED from AndroidManifest.xml:152:9
	android:name
		ADDED from AndroidManifest.xml:152:19
activity#com.brodev.socialapp.view.WebviewActivity
ADDED from AndroidManifest.xml:153:9
	android:configChanges
		ADDED from AndroidManifest.xml:155:13
	android:theme
		ADDED from AndroidManifest.xml:156:13
	android:name
		ADDED from AndroidManifest.xml:154:13
activity#com.brodev.socialapp.view.ConversationActivity
ADDED from AndroidManifest.xml:157:9
	android:configChanges
		ADDED from AndroidManifest.xml:159:13
	android:name
		ADDED from AndroidManifest.xml:158:13
activity#com.brodev.socialapp.view.ComposeActivity
ADDED from AndroidManifest.xml:160:9
	android:configChanges
		ADDED from AndroidManifest.xml:162:13
	android:name
		ADDED from AndroidManifest.xml:161:13
activity#com.brodev.socialapp.view.FriendTabsPager
ADDED from AndroidManifest.xml:163:9
	android:configChanges
		ADDED from AndroidManifest.xml:165:13
	android:theme
		ADDED from AndroidManifest.xml:166:13
	android:name
		ADDED from AndroidManifest.xml:164:13
activity#com.brodev.socialapp.view.ImagePagerActivity
ADDED from AndroidManifest.xml:167:9
	android:configChanges
		ADDED from AndroidManifest.xml:169:13
	android:uiOptions
		ADDED from AndroidManifest.xml:170:13
	android:name
		ADDED from AndroidManifest.xml:168:13
activity#com.brodev.socialapp.view.ImageGridActivity
ADDED from AndroidManifest.xml:171:9
	android:configChanges
		ADDED from AndroidManifest.xml:173:13
	android:theme
		ADDED from AndroidManifest.xml:174:13
	android:name
		ADDED from AndroidManifest.xml:172:13
activity#com.brodev.socialapp.view.SearchActivity
ADDED from AndroidManifest.xml:175:9
	android:configChanges
		ADDED from AndroidManifest.xml:177:13
	android:name
		ADDED from AndroidManifest.xml:176:13
activity#com.brodev.socialapp.view.SkipAddFriend
ADDED from AndroidManifest.xml:178:9
	android:configChanges
		ADDED from AndroidManifest.xml:180:13
	android:name
		ADDED from AndroidManifest.xml:179:13
activity#com.brodev.socialapp.view.FriendActivity
ADDED from AndroidManifest.xml:181:9
	android:configChanges
		ADDED from AndroidManifest.xml:183:13
	android:name
		ADDED from AndroidManifest.xml:182:13
activity#com.brodev.socialapp.view.ImageUpload
ADDED from AndroidManifest.xml:184:9
	android:configChanges
		ADDED from AndroidManifest.xml:186:13
	android:name
		ADDED from AndroidManifest.xml:185:13
activity#com.brodev.socialapp.view.ShareActivity
ADDED from AndroidManifest.xml:187:9
	android:configChanges
		ADDED from AndroidManifest.xml:189:13
	android:name
		ADDED from AndroidManifest.xml:188:13
activity#com.brodev.socialapp.view.PhotoGridActivity
ADDED from AndroidManifest.xml:190:9
	android:configChanges
		ADDED from AndroidManifest.xml:192:13
	android:name
		ADDED from AndroidManifest.xml:191:13
activity#com.brodev.socialapp.view.MusicPlaySong
ADDED from AndroidManifest.xml:193:9
	android:configChanges
		ADDED from AndroidManifest.xml:195:13
	android:name
		ADDED from AndroidManifest.xml:194:13
activity#com.brodev.socialapp.view.ProfilePicActivity
ADDED from AndroidManifest.xml:196:9
	android:label
		ADDED from AndroidManifest.xml:199:13
	android:configChanges
		ADDED from AndroidManifest.xml:198:13
	android:name
		ADDED from AndroidManifest.xml:197:13
activity#com.brodev.socialapp.view.CommentActivity
ADDED from AndroidManifest.xml:200:9
	android:configChanges
		ADDED from AndroidManifest.xml:202:13
	android:name
		ADDED from AndroidManifest.xml:201:13
activity#com.brodev.socialapp.view.ConfirmRequestActivity
ADDED from AndroidManifest.xml:203:9
	android:label
		ADDED from AndroidManifest.xml:206:13
	android:configChanges
		ADDED from AndroidManifest.xml:205:13
	android:name
		ADDED from AndroidManifest.xml:204:13
activity#com.brodev.socialapp.view.ForumActivity
ADDED from AndroidManifest.xml:207:9
	android:configChanges
		ADDED from AndroidManifest.xml:209:13
	android:name
		ADDED from AndroidManifest.xml:208:13
activity#com.brodev.socialapp.view.ThreadActivity
ADDED from AndroidManifest.xml:210:9
	android:configChanges
		ADDED from AndroidManifest.xml:212:13
	android:name
		ADDED from AndroidManifest.xml:211:13
activity#com.brodev.socialapp.view.ChangePassword
ADDED from AndroidManifest.xml:213:9
	android:configChanges
		ADDED from AndroidManifest.xml:215:13
	android:name
		ADDED from AndroidManifest.xml:214:13
activity#com.brodev.socialapp.view.AddThreadActivity
ADDED from AndroidManifest.xml:216:9
	android:configChanges
		ADDED from AndroidManifest.xml:218:13
	android:name
		ADDED from AndroidManifest.xml:217:13
activity#com.brodev.socialapp.view.PostThreadActivity
ADDED from AndroidManifest.xml:219:9
	android:configChanges
		ADDED from AndroidManifest.xml:221:13
	android:name
		ADDED from AndroidManifest.xml:220:13
activity#com.brodev.socialapp.view.BlogDetail
ADDED from AndroidManifest.xml:222:9
	android:configChanges
		ADDED from AndroidManifest.xml:224:13
	android:name
		ADDED from AndroidManifest.xml:223:13
activity#com.brodev.socialapp.view.BlogPostNew
ADDED from AndroidManifest.xml:225:9
	android:configChanges
		ADDED from AndroidManifest.xml:227:13
	android:name
		ADDED from AndroidManifest.xml:226:13
activity#com.brodev.socialapp.view.VideoPlay
ADDED from AndroidManifest.xml:228:9
	android:configChanges
		ADDED from AndroidManifest.xml:230:13
	android:name
		ADDED from AndroidManifest.xml:229:13
activity#com.brodev.socialapp.view.SyncContactActivity
ADDED from AndroidManifest.xml:231:9
	android:configChanges
		ADDED from AndroidManifest.xml:233:13
	android:name
		ADDED from AndroidManifest.xml:232:13
activity#com.brodev.socialapp.view.OpenYouTubePlayerActivity
ADDED from AndroidManifest.xml:234:9
	android:configChanges
		ADDED from AndroidManifest.xml:236:13
	android:name
		ADDED from AndroidManifest.xml:235:13
activity#com.brodev.socialapp.view.MarketPlaceDetail
ADDED from AndroidManifest.xml:237:9
	android:configChanges
		ADDED from AndroidManifest.xml:239:13
	android:name
		ADDED from AndroidManifest.xml:238:13
activity#com.brodev.socialapp.view.ImageActivity
ADDED from AndroidManifest.xml:240:9
	android:configChanges
		ADDED from AndroidManifest.xml:242:13
	android:name
		ADDED from AndroidManifest.xml:241:13
activity#com.brodev.socialapp.view.InviteActivity
ADDED from AndroidManifest.xml:243:9
	android:configChanges
		ADDED from AndroidManifest.xml:245:13
	android:name
		ADDED from AndroidManifest.xml:244:13
activity#com.brodev.socialapp.view.EventDetailActivity
ADDED from AndroidManifest.xml:246:9
	android:configChanges
		ADDED from AndroidManifest.xml:248:13
	android:name
		ADDED from AndroidManifest.xml:247:13
activity#com.brodev.socialapp.view.CreateNewEventActivity
ADDED from AndroidManifest.xml:249:9
	android:configChanges
		ADDED from AndroidManifest.xml:251:13
	android:name
		ADDED from AndroidManifest.xml:250:13
activity#com.brodev.socialapp.view.AlbumSelectedActivity
ADDED from AndroidManifest.xml:252:9
	android:configChanges
		ADDED from AndroidManifest.xml:254:13
	android:theme
		ADDED from AndroidManifest.xml:255:13
	android:name
		ADDED from AndroidManifest.xml:253:13
activity#com.brodev.socialapp.view.AlbumPhotoActivity
ADDED from AndroidManifest.xml:256:9
	android:label
		ADDED from AndroidManifest.xml:259:13
	android:configChanges
		ADDED from AndroidManifest.xml:258:13
	android:name
		ADDED from AndroidManifest.xml:257:13
activity#com.brodev.socialapp.view.CreateAlbumPhotoActivity
ADDED from AndroidManifest.xml:260:9
	android:label
		ADDED from AndroidManifest.xml:263:13
	android:configChanges
		ADDED from AndroidManifest.xml:262:13
	android:name
		ADDED from AndroidManifest.xml:261:13
activity#com.brodev.socialapp.view.CreateRoomActivity
ADDED from AndroidManifest.xml:264:9
	android:configChanges
		ADDED from AndroidManifest.xml:266:13
	android:name
		ADDED from AndroidManifest.xml:265:13
activity#com.brodev.socialapp.view.ChatroomsActivity
ADDED from AndroidManifest.xml:267:9
	android:configChanges
		ADDED from AndroidManifest.xml:269:13
	android:name
		ADDED from AndroidManifest.xml:268:13
activity#com.brodev.socialapp.view.chats.PrivateDialogActivity
ADDED from AndroidManifest.xml:270:9
	android:screenOrientation
		ADDED from AndroidManifest.xml:274:13
	android:parentActivityName
		ADDED from AndroidManifest.xml:273:13
	android:configChanges
		ADDED from AndroidManifest.xml:272:13
	android:name
		ADDED from AndroidManifest.xml:271:13
activity#com.brodev.socialapp.view.chats.NewDialogActivity
ADDED from AndroidManifest.xml:275:9
	android:screenOrientation
		ADDED from AndroidManifest.xml:278:13
	android:configChanges
		ADDED from AndroidManifest.xml:277:13
	android:name
		ADDED from AndroidManifest.xml:276:13
activity#com.brodev.socialapp.view.chats.GroupDialogActivity
ADDED from AndroidManifest.xml:279:9
	android:screenOrientation
		ADDED from AndroidManifest.xml:282:13
	android:configChanges
		ADDED from AndroidManifest.xml:281:13
	android:name
		ADDED from AndroidManifest.xml:280:13
activity#com.brodev.socialapp.view.chats.GroupDialogDetailsActivity
ADDED from AndroidManifest.xml:283:9
	android:screenOrientation
		ADDED from AndroidManifest.xml:288:13
	android:label
		ADDED from AndroidManifest.xml:286:13
	android:parentActivityName
		ADDED from AndroidManifest.xml:287:13
	android:configChanges
		ADDED from AndroidManifest.xml:285:13
	android:name
		ADDED from AndroidManifest.xml:284:13
activity#com.brodev.socialapp.view.chats.AddFriendsToGroupActivity
ADDED from AndroidManifest.xml:289:9
	android:screenOrientation
		ADDED from AndroidManifest.xml:293:13
	android:parentActivityName
		ADDED from AndroidManifest.xml:292:13
	android:configChanges
		ADDED from AndroidManifest.xml:291:13
	android:name
		ADDED from AndroidManifest.xml:290:13
activity#com.brodev.socialapp.view.mediacall.CallActivity
ADDED from AndroidManifest.xml:294:9
	android:configChanges
		ADDED from AndroidManifest.xml:296:13
	android:name
		ADDED from AndroidManifest.xml:295:13
activity#com.brodev.socialapp.view.VideoActivity
ADDED from AndroidManifest.xml:297:9
	android:configChanges
		ADDED from AndroidManifest.xml:299:13
	android:name
		ADDED from AndroidManifest.xml:298:13
activity#com.brodev.socialapp.view.VoiceActivity
ADDED from AndroidManifest.xml:300:9
	android:configChanges
		ADDED from AndroidManifest.xml:302:13
	android:name
		ADDED from AndroidManifest.xml:301:13
activity#com.brodev.socialapp.view.CheckInActivity
ADDED from AndroidManifest.xml:303:9
	android:configChanges
		ADDED from AndroidManifest.xml:305:13
	android:name
		ADDED from AndroidManifest.xml:304:13
activity#com.brodev.socialapp.view.EditProfileBasic
ADDED from AndroidManifest.xml:306:9
	android:screenOrientation
		ADDED from AndroidManifest.xml:309:13
	android:configChanges
		ADDED from AndroidManifest.xml:308:13
	android:name
		ADDED from AndroidManifest.xml:307:13
activity#com.brodev.socialapp.view.EditProfileAbout
ADDED from AndroidManifest.xml:310:9
	android:screenOrientation
		ADDED from AndroidManifest.xml:313:13
	android:configChanges
		ADDED from AndroidManifest.xml:312:13
	android:name
		ADDED from AndroidManifest.xml:311:13
activity#com.brodev.socialapp.view.EditProfileInterests
ADDED from AndroidManifest.xml:314:9
	android:screenOrientation
		ADDED from AndroidManifest.xml:317:13
	android:configChanges
		ADDED from AndroidManifest.xml:316:13
	android:name
		ADDED from AndroidManifest.xml:315:13
activity#com.brodev.socialapp.view.EditProfileDetails
ADDED from AndroidManifest.xml:318:9
	android:screenOrientation
		ADDED from AndroidManifest.xml:321:13
	android:configChanges
		ADDED from AndroidManifest.xml:320:13
	android:name
		ADDED from AndroidManifest.xml:319:13
activity#com.brodev.socialapp.view.PrivacySettingsProfile
ADDED from AndroidManifest.xml:322:9
	android:screenOrientation
		ADDED from AndroidManifest.xml:325:13
	android:configChanges
		ADDED from AndroidManifest.xml:324:13
	android:name
		ADDED from AndroidManifest.xml:323:13
activity#com.brodev.socialapp.view.PrivacySettingsItems
ADDED from AndroidManifest.xml:326:9
	android:screenOrientation
		ADDED from AndroidManifest.xml:329:13
	android:configChanges
		ADDED from AndroidManifest.xml:328:13
	android:name
		ADDED from AndroidManifest.xml:327:13
activity#com.brodev.socialapp.view.PrivacySettingsNotifications
ADDED from AndroidManifest.xml:330:9
	android:screenOrientation
		ADDED from AndroidManifest.xml:333:13
	android:configChanges
		ADDED from AndroidManifest.xml:332:13
	android:name
		ADDED from AndroidManifest.xml:331:13
activity#com.brodev.socialapp.view.PrivacySettingsBlockedUsers
ADDED from AndroidManifest.xml:334:9
	android:screenOrientation
		ADDED from AndroidManifest.xml:337:13
	android:configChanges
		ADDED from AndroidManifest.xml:336:13
	android:name
		ADDED from AndroidManifest.xml:335:13
activity#com.brodev.socialapp.view.PrivacySettingsInvisibleMode
ADDED from AndroidManifest.xml:338:9
	android:screenOrientation
		ADDED from AndroidManifest.xml:341:13
	android:configChanges
		ADDED from AndroidManifest.xml:340:13
	android:name
		ADDED from AndroidManifest.xml:339:13
activity#com.brodev.socialapp.view.NoInternetActivity
ADDED from AndroidManifest.xml:342:9
	android:configChanges
		ADDED from AndroidManifest.xml:344:13
	android:name
		ADDED from AndroidManifest.xml:343:13
meta-data#com.google.android.maps.v2.API_KEY
ADDED from AndroidManifest.xml:346:17
	android:value
		ADDED from AndroidManifest.xml:348:21
	android:name
		ADDED from AndroidManifest.xml:347:21
activity#com.mypinkpal.app.AppActivity
ADDED from AndroidManifest.xml:351:9
	android:launchMode
		ADDED from AndroidManifest.xml:354:13
	android:configChanges
		ADDED from AndroidManifest.xml:353:13
	android:theme
		ADDED from AndroidManifest.xml:355:13
	android:name
		ADDED from AndroidManifest.xml:352:13
intent-filter#android.intent.action.MAIN+android.intent.category.LAUNCHER
ADDED from AndroidManifest.xml:356:13
action#android.intent.action.MAIN
ADDED from AndroidManifest.xml:357:17
	android:name
		ADDED from AndroidManifest.xml:357:25
category#android.intent.category.LAUNCHER
ADDED from AndroidManifest.xml:359:17
	android:name
		ADDED from AndroidManifest.xml:359:27
activity#com.paypal.android.sdk.payments.PaymentActivity
ADDED from AndroidManifest.xml:363:9
	android:name
		ADDED from AndroidManifest.xml:363:19
activity#com.paypal.android.sdk.payments.LoginActivity
ADDED from AndroidManifest.xml:364:9
	android:name
		ADDED from AndroidManifest.xml:364:19
activity#com.paypal.android.sdk.payments.PaymentMethodActivity
ADDED from AndroidManifest.xml:365:9
	android:name
		ADDED from AndroidManifest.xml:365:19
activity#com.paypal.android.sdk.payments.PaymentConfirmActivity
ADDED from AndroidManifest.xml:366:9
	android:name
		ADDED from AndroidManifest.xml:366:19
activity#com.paypal.android.sdk.payments.PayPalFuturePaymentActivity
ADDED from AndroidManifest.xml:367:9
	android:name
		ADDED from AndroidManifest.xml:367:19
activity#com.paypal.android.sdk.payments.FuturePaymentConsentActivity
ADDED from AndroidManifest.xml:368:9
	android:name
		ADDED from AndroidManifest.xml:368:19
activity#com.paypal.android.sdk.payments.FuturePaymentInfoActivity
ADDED from AndroidManifest.xml:369:9
	android:name
		ADDED from AndroidManifest.xml:369:19
activity#com.paypal.android.sdk.payments.PayPalProfileSharingActivity
ADDED from AndroidManifest.xml:370:9
	android:name
		ADDED from AndroidManifest.xml:370:19
activity#com.paypal.android.sdk.payments.ProfileSharingConsentActivity
ADDED from AndroidManifest.xml:371:9
	android:name
		ADDED from AndroidManifest.xml:371:19
activity#com.paypal.android.MEP.PayPalActivity
ADDED from AndroidManifest.xml:372:9
	android:configChanges
		ADDED from AndroidManifest.xml:374:13
	android:theme
		ADDED from AndroidManifest.xml:373:13
	android:name
		ADDED from AndroidManifest.xml:372:19
uses-sdk
INJECTED from AndroidManifest.xml:0:0 reason: use-sdk injection requested
MERGED from com.android.support:multidex:1.0.0:18:5
MERGED from Mypinkpal_Android:appRater:unspecified:7:5
MERGED from Mypinkpal_Android:circularImageView:unspecified:7:5
MERGED from com.android.support:support-v4:20.0.0:16:5
MERGED from Mypinkpal_Android:paperSlidingTab:unspecified:7:5
MERGED from com.android.support:support-v4:20.0.0:16:5
MERGED from Mypinkpal_Android:facebook:unspecified:20:5
MERGED from com.android.support:support-v4:20.0.0:16:5
MERGED from Mypinkpal_Android:library:unspecified:7:5
MERGED from Mypinkpal_Android:urlImageViewHelper:unspecified:7:5
MERGED from Mypinkpal_Android:pullToRefreshLi:unspecified:7:5
MERGED from Mypinkpal_Android.libraries.SlidingMenu:library:unspecified:7:5
MERGED from com.actionbarsherlock:actionbarsherlock:4.4.0:3:3
MERGED from com.android.support:support-v4:20.0.0:16:5
MERGED from Mypinkpal_Android:stickyListHeaders:unspecified:7:5
MERGED from Mypinkpal_Android:Q-municate_core:unspecified:5:5
MERGED from Mypinkpal_Android:facebook:unspecified:20:5
MERGED from com.android.support:support-v4:20.0.0:16:5
MERGED from com.google.android.gms:play-services:3.2.65:7:5
MERGED from com.android.support:support-v4:20.0.0:16:5
	android:targetSdkVersion
		INJECTED from AndroidManifest.xml:0:0
		INJECTED from AndroidManifest.xml:0:0
	android:minSdkVersion
		INJECTED from AndroidManifest.xml:0:0
		INJECTED from AndroidManifest.xml:0:0